#
# There is insufficient memory for the Java Runtime Environment to continue.
# Native memory allocation (malloc) failed to allocate 1080656 bytes for Chunk::new
# Possible reasons:
#   The system is out of physical RAM or swap space
#   The process is running with CompressedOops enabled, and the Java Heap may be blocking the growth of the native heap
# Possible solutions:
#   Reduce memory load on the system
#   Increase physical memory or swap space
#   Check if swap backing store is full
#   Decrease Java heap size (-Xmx/-Xms)
#   Decrease number of Java threads
#   Decrease Java thread stack sizes (-Xss)
#   Set larger code cache with -XX:ReservedCodeCacheSize=
#   JVM is running with Unscaled Compressed Oops mode in which the Java heap is
#     placed in the first 4GB address space. The Java Heap base address is the
#     maximum limit for the native heap growth. Please use -XX:HeapBaseMinAddress
#     to set the Java Heap base and to place the Java Heap above 4GB virtual address.
# This output file may be truncated or incomplete.
#
#  Out of Memory Error (arena.cpp:184), pid=44732, tid=40492
#
# JRE version: Java(TM) SE Runtime Environment (19.0+36) (build 19+36-2238)
# Java VM: Java HotSpot(TM) 64-Bit Server VM (19+36-2238, mixed mode, sharing, tiered, compressed oops, compressed class ptrs, g1 gc, windows-amd64)
# No core dump will be written. Minidumps are not enabled by default on client versions of Windows
#

---------------  S U M M A R Y ------------

Command Line: -javaagent:C:\Program Files\JetBrains\IntelliJ IDEA 2022.1\lib\idea_rt.jar=55940:C:\Program Files\JetBrains\IntelliJ IDEA 2022.1\bin -Dfile.encoding=UTF-8 --module-path=C:\Users\Zhefan Cheng\.m2\repository\org\openjfx\javafx-graphics\17.0.1\javafx-graphics-17.0.1-win.jar;C:\Users\Zhefan Cheng\.m2\repository\org\openjfx\javafx-media\17.0.1\javafx-media-17.0.1-win.jar;C:\Users\Zhefan Cheng\.m2\repository\com\dlsc\formsfx\formsfx-core\11.3.2\formsfx-core-11.3.2.jar;C:\Users\Zhefan Cheng\.m2\repository\com\github\almasb\fxgl-entity\17\fxgl-entity-17.jar;C:\Users\Zhefan Cheng\.m2\repository\com\gluonhq\attach\util\4.0.9\util-4.0.9.jar;C:\Users\Zhefan Cheng\.m2\repository\org\kordamp\ikonli\ikonli-javafx\12.3.0\ikonli-javafx-12.3.0.jar;C:\Users\Zhefan Cheng\.m2\repository\com\github\almasb\fxgl-gameplay\17\fxgl-gameplay-17.jar;C:\Users\Zhefan Cheng\.m2\repository\org\openjfx\javafx-web\17.0.1\javafx-web-17.0.1-win.jar;C:\Users\Zhefan Cheng\.m2\repository\net\synedra\validatorfx\0.2.1\validatorfx-0.2.1.jar;C:\Users\Zhefan Cheng\.m2\repository\eu\hansolo\tilesfx\11.48\tilesfx-11.48.jar;C:\Users\Zhefan Cheng\.m2\repository\com\github\almasb\fxgl-scene\17\fxgl-scene-17.jar;C:\Users\Zhefan Cheng\.m2\repository\org\openjfx\javafx-base\20-ea+2\javafx-base-20-ea+2-win.jar;C:\Users\Zhefan Cheng\.m2\repository\org\openjfx\javafx-base\17.0.1\javafx-base-17.0.1-win.jar;C:\Users\Zhefan Cheng\.m2\repository\com\gluonhq\attach\lifecycle\4.0.9\lifecycle-4.0.9.jar;C:\Users\Zhefan Cheng\.m2\repository\org\kordamp\ikonli\ikonli-core\12.3.0\ikonli-core-12.3.0.jar;C:\Users\Zhefan Cheng\.m2\repository\org\jetbrains\kotlin\kotlin-stdlib\1.5.32\kotlin-stdlib-1.5.32-modular.jar;C:\Users\Zhefan Cheng\.m2\repository\com\github\almasb\fxgl\17\fxgl-17.jar;C:\Users\Zhefan Cheng\.m2\repository\org\openjfx\javafx-controls\17.0.1\javafx-controls-17.0.1-win.jar;C:\Users\Zhefan Cheng\.m2\repository\com\github\almasb\fxgl-core\17\fxgl-core-17.jar;C:\Users\Zhefan Cheng\.m2\repository\org\openjfx\javafx-fxml\17.0.1\javafx-fxml-17.0.1-win.jar;C:\Users\Zhefan Cheng\OneDrive\×ÀÃæ\Garrus\database\project\databaseProject\databaseProject\target\classes;C:\Users\Zhef-Djdk.module.main=com.example.demo com.example.demo/com.example.demo.ilovepizzaApplication

Host: AMD Ryzen 7 5800U with Radeon Graphics         , 16 cores, 6G,  Windows 11 , 64 bit Build 22000 (10.0.22000.708)
Time: Mon Oct 17 19:04:48 2022  Windows 11 , 64 bit Build 22000 (10.0.22000.708) elapsed time: 2.917539 seconds (0d 0h 0m 2s)

---------------  T H R E A D  ---------------

Current thread (0x000001a06543ce80):  JavaThread "C2 CompilerThread0" daemon [_thread_in_native, id=40492, stack(0x0000008467000000,0x0000008467100000)]


Current CompileTask:
C2:   2918 3658       4       sun.security.ec.ECOperations::setDouble (559 bytes)

Stack: [0x0000008467000000,0x0000008467100000]
Native frames: (J=compiled Java code, j=interpreted, Vv=VM code, C=native code)
V  [jvm.dll+0x6ee8fa]
V  [jvm.dll+0x857a1e]
V  [jvm.dll+0x85940e]
V  [jvm.dll+0x859ac3]
V  [jvm.dll+0x28291f]
V  [jvm.dll+0xc9b5f]
V  [jvm.dll+0xc9ee5]
V  [jvm.dll+0x3bcb72]
V  [jvm.dll+0x1ee12a]
V  [jvm.dll+0x24c41b]
V  [jvm.dll+0x24b671]
V  [jvm.dll+0x1d6d61]
V  [jvm.dll+0x25b0fa]
V  [jvm.dll+0x259588]
V  [jvm.dll+0x807928]
V  [jvm.dll+0x8015fa]
V  [jvm.dll+0x6ed5eb]
C  [ucrtbase.dll+0x26c0c]
C  [KERNEL32.DLL+0x154e0]
C  [ntdll.dll+0x485b]


---------------  P R O C E S S  ---------------

Threads class SMR info:
_java_thread_list=0x000001a06f503c20, length=24, elements={
0x000001a046be3b50, 0x000001a065427350, 0x000001a065427e80, 0x000001a065431a90,
0x000001a0654343d0, 0x000001a0654354a0, 0x000001a065439a70, 0x000001a06543ce80,
0x000001a065442750, 0x000001a065453880, 0x000001a06985ffc0, 0x000001a0653f6d10,
0x000001a0699b6bf0, 0x000001a069c98a20, 0x000001a069d4ab20, 0x000001a06a0646a0,
0x000001a06a065b20, 0x000001a06a270000, 0x000001a06a279100, 0x000001a06a19cb70,
0x000001a06a19e600, 0x000001a06a19d610, 0x000001a06a19e0b0, 0x000001a06a19eb50
}

Java Threads: ( => current thread )
  0x000001a046be3b50 JavaThread "main" [_thread_blocked, id=30976, stack(0x0000008466300000,0x0000008466400000)]
  0x000001a065427350 JavaThread "Reference Handler" daemon [_thread_blocked, id=44248, stack(0x0000008466a00000,0x0000008466b00000)]
  0x000001a065427e80 JavaThread "Finalizer" daemon [_thread_blocked, id=44252, stack(0x0000008466b00000,0x0000008466c00000)]
  0x000001a065431a90 JavaThread "Signal Dispatcher" daemon [_thread_blocked, id=22256, stack(0x0000008466c00000,0x0000008466d00000)]
  0x000001a0654343d0 JavaThread "Attach Listener" daemon [_thread_blocked, id=36060, stack(0x0000008466d00000,0x0000008466e00000)]
  0x000001a0654354a0 JavaThread "Service Thread" daemon [_thread_blocked, id=14400, stack(0x0000008466e00000,0x0000008466f00000)]
  0x000001a065439a70 JavaThread "Monitor Deflation Thread" daemon [_thread_blocked, id=3924, stack(0x0000008466f00000,0x0000008467000000)]
=>0x000001a06543ce80 JavaThread "C2 CompilerThread0" daemon [_thread_in_native, id=40492, stack(0x0000008467000000,0x0000008467100000)]
  0x000001a065442750 JavaThread "C1 CompilerThread0" daemon [_thread_blocked, id=15936, stack(0x0000008467100000,0x0000008467200000)]
  0x000001a065453880 JavaThread "Sweeper thread" daemon [_thread_blocked, id=40924, stack(0x0000008467200000,0x0000008467300000)]
  0x000001a06985ffc0 JavaThread "C1 CompilerThread1" daemon [_thread_blocked, id=37284, stack(0x0000008467300000,0x0000008467400000)]
  0x000001a0653f6d10 JavaThread "Common-Cleaner" daemon [_thread_blocked, id=41008, stack(0x0000008467400000,0x0000008467500000)]
  0x000001a0699b6bf0 JavaThread "Monitor Ctrl-Break" daemon [_thread_in_native, id=13768, stack(0x0000008467500000,0x0000008467600000)]
  0x000001a069c98a20 JavaThread "Notification Thread" daemon [_thread_blocked, id=39476, stack(0x0000008467600000,0x0000008467700000)]
  0x000001a069d4ab20 JavaThread "QuantumRenderer-0" daemon [_thread_blocked, id=36860, stack(0x0000008467800000,0x0000008467900000)]
  0x000001a06a0646a0 JavaThread "InvokeLaterDispatcher" daemon [_thread_blocked, id=34112, stack(0x0000008467b00000,0x0000008467c00000)]
  0x000001a06a065b20 JavaThread "JavaFX Application Thread" [_thread_in_native, id=30560, stack(0x0000008467c00000,0x0000008467d00000)]
  0x000001a06a270000 JavaThread "Thread-1" daemon [_thread_in_native, id=23156, stack(0x0000008468c00000,0x0000008468d00000)]
  0x000001a06a279100 JavaThread "JavaFX-Launcher" [_thread_blocked, id=43396, stack(0x0000008468d00000,0x0000008468e00000)]
  0x000001a06a19cb70 JavaThread "Prism Font Disposer" daemon [_thread_blocked, id=44160, stack(0x0000008468f00000,0x0000008469000000)]
  0x000001a06a19e600 JavaThread "Thread-3" daemon [_thread_in_native, id=7532, stack(0x0000008469700000,0x0000008469800000)]
  0x000001a06a19d610 JavaThread "Thread-4" daemon [_thread_in_native, id=38880, stack(0x0000008469800000,0x0000008469900000)]
  0x000001a06a19e0b0 JavaThread "mysql-cj-abandoned-connection-cleanup" daemon [_thread_blocked, id=44820, stack(0x0000008469900000,0x0000008469a00000)]
  0x000001a06a19eb50 JavaThread "Cleaner-0" daemon [_thread_blocked, id=34492, stack(0x0000008469a00000,0x0000008469b00000)]

Other Threads:
  0x000001a0654076e0 VMThread "VM Thread" [stack: 0x0000008466900000,0x0000008466a00000] [id=38828]
  0x000001a069c9a3a0 WatcherThread "VM Periodic Task Thread" [stack: 0x0000008467700000,0x0000008467800000] [id=39708]
  0x000001a046c3b460 WorkerThread "GC Thread#0" [stack: 0x0000008466400000,0x0000008466500000] [id=43128]
  0x000001a069ce5e70 WorkerThread "GC Thread#1" [stack: 0x0000008468700000,0x0000008468800000] [id=42568]
  0x000001a069ce5060 WorkerThread "GC Thread#2" [stack: 0x0000008468800000,0x0000008468900000] [id=41236]
  0x000001a069ce4ac0 WorkerThread "GC Thread#3" [stack: 0x0000008468900000,0x0000008468a00000] [id=44164]
  0x000001a069ce5330 WorkerThread "GC Thread#4" [stack: 0x0000008468a00000,0x0000008468b00000] [id=34956]
  0x000001a069ce6140 WorkerThread "GC Thread#5" [stack: 0x0000008468b00000,0x0000008468c00000] [id=29504]
  0x000001a069ce5600 WorkerThread "GC Thread#6" [stack: 0x0000008469000000,0x0000008469100000] [id=44168]
  0x000001a069ce58d0 WorkerThread "GC Thread#7" [stack: 0x0000008469100000,0x0000008469200000] [id=44176]
  0x000001a069ce4d90 WorkerThread "GC Thread#8" [stack: 0x0000008469200000,0x0000008469300000] [id=44136]
  0x000001a06f0a6f60 WorkerThread "GC Thread#9" [stack: 0x0000008469300000,0x0000008469400000] [id=30520]
  0x000001a06f0a6420 WorkerThread "GC Thread#10" [stack: 0x0000008469400000,0x0000008469500000] [id=16928]
  0x000001a06f0a8310 WorkerThread "GC Thread#11" [stack: 0x0000008469500000,0x0000008469600000] [id=44492]
  0x000001a06f0a66f0 WorkerThread "GC Thread#12" [stack: 0x0000008469600000,0x0000008469700000] [id=35700]
  0x000001a046c4b150 ConcurrentGCThread "G1 Main Marker" [stack: 0x0000008466500000,0x0000008466600000] [id=44464]
  0x000001a046c4c320 WorkerThread "G1 Conc#0" [stack: 0x0000008466600000,0x0000008466700000] [id=23800]
  0x000001a06f0a5070 WorkerThread "G1 Conc#1" [stack: 0x0000008469b00000,0x0000008469c00000] [id=11916]
  0x000001a06f0a5e80 WorkerThread "G1 Conc#2" [stack: 0x0000008469c00000,0x0000008469d00000] [id=45060]
  0x000001a0652c40f0 ConcurrentGCThread "G1 Refine#0" [stack: 0x0000008466700000,0x0000008466800000] [id=32116]
  0x000001a0652c4c30 ConcurrentGCThread "G1 Service" [stack: 0x0000008466800000,0x0000008466900000] [id=42512]

Threads with active compile tasks:
C2 CompilerThread0     2996 3658       4       sun.security.ec.ECOperations::setDouble (559 bytes)

VM state: not at safepoint (normal execution)

VM Mutex/Monitor currently owned by a thread: None

Heap address: 0x0000000092c00000, size: 1748 MB, Compressed Oops mode: 32-bit

CDS archive(s) mapped at: [0x0000000800000000-0x0000000800c40000-0x0000000800c40000), size 12845056, SharedBaseAddress: 0x0000000800000000, ArchiveRelocationMode: 0.
Compressed class space mapped at: 0x0000000801000000-0x0000000841000000, reserved size: 1073741824
Narrow klass base: 0x0000000800000000, Narrow klass shift: 0, Narrow klass range: 0x100000000

GC Precious Log:
 CardTable entry size: 512
 Card Set container configuration: InlinePtr #cards 5 size 8 Array Of Cards #cards 12 size 40 Howl #buckets 4 coarsen threshold 1843 Howl Bitmap #cards 512 size 80 coarsen threshold 460 Card regions per heap region 1 cards per card region 2048
 CPUs: 16 total, 16 available
 Memory: 6990M
 Large Page Support: Disabled
 NUMA Support: Disabled
 Compressed Oops: Enabled (32-bit)
 Heap Region Size: 1M
 Heap Min Capacity: 8M
 Heap Initial Capacity: 110M
 Heap Max Capacity: 1748M
 Pre-touch: Disabled
 Parallel Workers: 13
 Concurrent Workers: 3
 Concurrent Refinement Workers: 13
 Periodic GC: Disabled

Heap:
 garbage-first heap   total 51200K, used 37059K [0x0000000092c00000, 0x0000000100000000)
  region size 1024K, 32 young (32768K), 7 survivors (7168K)
 Metaspace       used 23965K, committed 24256K, reserved 1114112K
  class space    used 3121K, committed 3264K, reserved 1048576K

Heap Regions: E=young(eden), S=young(survivor), O=old, HS=humongous(starts), HC=humongous(continues), CS=collection set, F=free, OA=open archive, CA=closed archive, TAMS=top-at-mark-start (previous, next)
|   0|0x0000000092c00000, 0x0000000092d00000, 0x0000000092d00000|100%| O|  |TAMS 0x0000000092d00000, 0x0000000092c00000| Untracked 
|   1|0x0000000092d00000, 0x0000000092e00000, 0x0000000092e00000|100%| O|  |TAMS 0x0000000092e00000, 0x0000000092d00000| Untracked 
|   2|0x0000000092e00000, 0x0000000092f00000, 0x0000000092f00000|100%| O|  |TAMS 0x0000000092eeac00, 0x0000000092e00000| Untracked 
|   3|0x0000000092f00000, 0x0000000093000000, 0x0000000093000000|100%|HS|  |TAMS 0x0000000093000000, 0x0000000092f00000| Complete 
|   4|0x0000000093000000, 0x0000000093100000, 0x0000000093100000|100%|HC|  |TAMS 0x0000000093100000, 0x0000000093000000| Complete 
|   5|0x0000000093100000, 0x0000000093200000, 0x0000000093200000|100%| O|  |TAMS 0x0000000093100000, 0x0000000093100000| Untracked 
|   6|0x0000000093200000, 0x00000000932e2c00, 0x0000000093300000| 88%| O|  |TAMS 0x0000000093200000, 0x0000000093200000| Untracked 
|   7|0x0000000093300000, 0x0000000093300000, 0x0000000093400000|  0%| F|  |TAMS 0x0000000093300000, 0x0000000093300000| Untracked 
|   8|0x0000000093400000, 0x0000000093400000, 0x0000000093500000|  0%| F|  |TAMS 0x0000000093400000, 0x0000000093400000| Untracked 
|   9|0x0000000093500000, 0x0000000093500000, 0x0000000093600000|  0%| F|  |TAMS 0x0000000093500000, 0x0000000093500000| Untracked 
|  10|0x0000000093600000, 0x0000000093600000, 0x0000000093700000|  0%| F|  |TAMS 0x0000000093600000, 0x0000000093600000| Untracked 
|  11|0x0000000093700000, 0x0000000093700000, 0x0000000093800000|  0%| F|  |TAMS 0x0000000093700000, 0x0000000093700000| Untracked 
|  12|0x0000000093800000, 0x0000000093800000, 0x0000000093900000|  0%| F|  |TAMS 0x0000000093800000, 0x0000000093800000| Untracked 
|  13|0x0000000093900000, 0x0000000093900000, 0x0000000093a00000|  0%| F|  |TAMS 0x0000000093900000, 0x0000000093900000| Untracked 
|  14|0x0000000093a00000, 0x0000000093a00000, 0x0000000093b00000|  0%| F|  |TAMS 0x0000000093a00000, 0x0000000093a00000| Untracked 
|  15|0x0000000093b00000, 0x0000000093b00000, 0x0000000093c00000|  0%| F|  |TAMS 0x0000000093b00000, 0x0000000093b00000| Untracked 
|  16|0x0000000093c00000, 0x0000000093c00000, 0x0000000093d00000|  0%| F|  |TAMS 0x0000000093c00000, 0x0000000093c00000| Untracked 
|  17|0x0000000093d00000, 0x0000000093d00000, 0x0000000093e00000|  0%| F|  |TAMS 0x0000000093d00000, 0x0000000093d00000| Untracked 
|  18|0x0000000093e00000, 0x0000000093ea3e58, 0x0000000093f00000| 64%| E|  |TAMS 0x0000000093e00000, 0x0000000093e00000| Complete 
|  19|0x0000000093f00000, 0x0000000094000000, 0x0000000094000000|100%| E|CS|TAMS 0x0000000093f00000, 0x0000000093f00000| Complete 
|  20|0x0000000094000000, 0x0000000094100000, 0x0000000094100000|100%| E|CS|TAMS 0x0000000094000000, 0x0000000094000000| Complete 
|  21|0x0000000094100000, 0x0000000094200000, 0x0000000094200000|100%| E|CS|TAMS 0x0000000094100000, 0x0000000094100000| Complete 
|  22|0x0000000094200000, 0x0000000094300000, 0x0000000094300000|100%| E|CS|TAMS 0x0000000094200000, 0x0000000094200000| Complete 
|  23|0x0000000094300000, 0x0000000094400000, 0x0000000094400000|100%| E|CS|TAMS 0x0000000094300000, 0x0000000094300000| Complete 
|  24|0x0000000094400000, 0x0000000094500000, 0x0000000094500000|100%| E|CS|TAMS 0x0000000094400000, 0x0000000094400000| Complete 
|  25|0x0000000094500000, 0x0000000094600000, 0x0000000094600000|100%| E|  |TAMS 0x0000000094500000, 0x0000000094500000| Complete 
|  26|0x0000000094600000, 0x0000000094700000, 0x0000000094700000|100%| E|CS|TAMS 0x0000000094600000, 0x0000000094600000| Complete 
|  27|0x0000000094700000, 0x0000000094800000, 0x0000000094800000|100%| E|CS|TAMS 0x0000000094700000, 0x0000000094700000| Complete 
|  28|0x0000000094800000, 0x0000000094900000, 0x0000000094900000|100%| E|CS|TAMS 0x0000000094800000, 0x0000000094800000| Complete 
|  29|0x0000000094900000, 0x0000000094a00000, 0x0000000094a00000|100%| E|CS|TAMS 0x0000000094900000, 0x0000000094900000| Complete 
|  30|0x0000000094a00000, 0x0000000094b00000, 0x0000000094b00000|100%| E|CS|TAMS 0x0000000094a00000, 0x0000000094a00000| Complete 
|  31|0x0000000094b00000, 0x0000000094c00000, 0x0000000094c00000|100%| E|CS|TAMS 0x0000000094b00000, 0x0000000094b00000| Complete 
|  32|0x0000000094c00000, 0x0000000094d00000, 0x0000000094d00000|100%| E|CS|TAMS 0x0000000094c00000, 0x0000000094c00000| Complete 
|  33|0x0000000094d00000, 0x0000000094e00000, 0x0000000094e00000|100%| E|CS|TAMS 0x0000000094d00000, 0x0000000094d00000| Complete 
|  34|0x0000000094e00000, 0x0000000094f00000, 0x0000000094f00000|100%| E|CS|TAMS 0x0000000094e00000, 0x0000000094e00000| Complete 
|  35|0x0000000094f00000, 0x0000000095000000, 0x0000000095000000|100%| E|CS|TAMS 0x0000000094f00000, 0x0000000094f00000| Complete 
|  36|0x0000000095000000, 0x0000000095100000, 0x0000000095100000|100%| E|CS|TAMS 0x0000000095000000, 0x0000000095000000| Complete 
|  37|0x0000000095100000, 0x0000000095200000, 0x0000000095200000|100%| E|CS|TAMS 0x0000000095100000, 0x0000000095100000| Complete 
|  38|0x0000000095200000, 0x0000000095300000, 0x0000000095300000|100%| E|CS|TAMS 0x0000000095200000, 0x0000000095200000| Complete 
|  39|0x0000000095300000, 0x0000000095400000, 0x0000000095400000|100%| E|CS|TAMS 0x0000000095300000, 0x0000000095300000| Complete 
|  40|0x0000000095400000, 0x0000000095500000, 0x0000000095500000|100%| E|CS|TAMS 0x0000000095400000, 0x0000000095400000| Complete 
|  41|0x0000000095500000, 0x0000000095600000, 0x0000000095600000|100%| E|CS|TAMS 0x0000000095500000, 0x0000000095500000| Complete 
|  87|0x0000000098300000, 0x000000009834e118, 0x0000000098400000| 30%| S|CS|TAMS 0x0000000098300000, 0x0000000098300000| Complete 
|  88|0x0000000098400000, 0x0000000098500000, 0x0000000098500000|100%| S|CS|TAMS 0x0000000098400000, 0x0000000098400000| Complete 
|  89|0x0000000098500000, 0x0000000098600000, 0x0000000098600000|100%| S|CS|TAMS 0x0000000098500000, 0x0000000098500000| Complete 
|  90|0x0000000098600000, 0x0000000098700000, 0x0000000098700000|100%| S|CS|TAMS 0x0000000098600000, 0x0000000098600000| Complete 
|  91|0x0000000098700000, 0x0000000098800000, 0x0000000098800000|100%| S|CS|TAMS 0x0000000098700000, 0x0000000098700000| Complete 
|  92|0x0000000098800000, 0x0000000098900000, 0x0000000098900000|100%| S|CS|TAMS 0x0000000098800000, 0x0000000098800000| Complete 
|  93|0x0000000098900000, 0x0000000098a00000, 0x0000000098a00000|100%| S|CS|TAMS 0x0000000098900000, 0x0000000098900000| Complete 
| 109|0x0000000099900000, 0x0000000099a00000, 0x0000000099a00000|100%| E|CS|TAMS 0x0000000099900000, 0x0000000099900000| Complete 

Card table byte_map: [0x000001a05e730000,0x000001a05eaa0000] _byte_map_base: 0x000001a05e29a000

Marking Bits (Prev, Next): (CMBitMap*) 0x000001a046c3cae0, (CMBitMap*) 0x000001a046c3caa0
 Prev Bits: [0x000001a060960000, 0x000001a0624b0000)
 Next Bits: [0x000001a05ee10000, 0x000001a060960000)

Polling page: 0x000001a044bc0000

Metaspace:

Usage:
  Non-class:     20.36 MB used.
      Class:      3.05 MB used.
       Both:     23.40 MB used.

Virtual space:
  Non-class space:       64.00 MB reserved,      20.50 MB ( 32%) committed,  1 nodes.
      Class space:        1.00 GB reserved,       3.19 MB ( <1%) committed,  1 nodes.
             Both:        1.06 GB reserved,      23.69 MB (  2%) committed. 

Chunk freelists:
   Non-Class:  2.70 MB
       Class:  672.00 KB
        Both:  3.36 MB

MaxMetaspaceSize: unlimited
CompressedClassSpaceSize: 1.00 GB
Initial GC threshold: 21.00 MB
Current GC threshold: 35.25 MB
CDS: on
MetaspaceReclaimPolicy: balanced
 - commit_granule_bytes: 65536.
 - commit_granule_words: 8192.
 - virtual_space_node_default_size: 8388608.
 - enlarge_chunks_in_place: 1.
 - new_chunks_are_fully_committed: 0.
 - uncommit_free_chunks: 1.
 - use_allocation_guard: 0.


Internal statistics:

num_allocs_failed_limit: 3.
num_arena_births: 364.
num_arena_deaths: 0.
num_vsnodes_births: 2.
num_vsnodes_deaths: 0.
num_space_committed: 379.
num_space_uncommitted: 0.
num_chunks_returned_to_freelist: 3.
num_chunks_taken_from_freelist: 975.
num_chunk_merges: 3.
num_chunk_splits: 685.
num_chunks_enlarged: 530.
num_inconsistent_stats: 0.

CodeHeap 'non-profiled nmethods': size=119168Kb used=1309Kb max_used=1309Kb free=117858Kb
 bounds [0x000001a0566e0000, 0x000001a056950000, 0x000001a05db40000]
CodeHeap 'profiled nmethods': size=119104Kb used=7880Kb max_used=7880Kb free=111223Kb
 bounds [0x000001a04eb40000, 0x000001a04f300000, 0x000001a055f90000]
CodeHeap 'non-nmethods': size=7488Kb used=2149Kb max_used=2176Kb free=5338Kb
 bounds [0x000001a055f90000, 0x000001a056200000, 0x000001a0566e0000]
 total_blobs=4764 nmethods=3887 adapters=785
 compilation: enabled
              stopped_count=0, restarted_count=0
 full_count=0

Compilation events (20 events):
Event: 2.903 Thread 0x000001a06985ffc0 nmethod 3838 0x000001a04f2d1d10 code [0x000001a04f2d1ec0, 0x000001a04f2d1fc8]
Event: 2.903 Thread 0x000001a06985ffc0 3839       3       java.lang.Long::toString (55 bytes)
Event: 2.903 Thread 0x000001a06985ffc0 nmethod 3839 0x000001a04f2d2090 code [0x000001a04f2d2260, 0x000001a04f2d25f8]
Event: 2.904 Thread 0x000001a065442750 nmethod 3834 0x000001a04f2d2790 code [0x000001a04f2d2e80, 0x000001a04f2d6c98]
Event: 2.909 Thread 0x000001a065442750 3840   !   3       com.mysql.cj.protocol.a.NativeProtocol::sendCommand (456 bytes)
Event: 2.909 Thread 0x000001a06985ffc0 3841       3       com.mysql.cj.protocol.a.result.OkPacket::parse (94 bytes)
Event: 2.910 Thread 0x000001a06985ffc0 nmethod 3841 0x000001a04f2d8490 code [0x000001a04f2d86c0, 0x000001a04f2d8c28]
Event: 2.910 Thread 0x000001a06985ffc0 3842       3       com.mysql.cj.protocol.a.result.OkPacket::<init> (45 bytes)
Event: 2.910 Thread 0x000001a06985ffc0 nmethod 3842 0x000001a04f2d8e10 code [0x000001a04f2d9000, 0x000001a04f2d95f8]
Event: 2.910 Thread 0x000001a06985ffc0 3844       3       com.mysql.cj.protocol.a.TimeTrackingPacketSender::send (28 bytes)
Event: 2.910 Thread 0x000001a06985ffc0 nmethod 3844 0x000001a04f2d9810 code [0x000001a04f2d99c0, 0x000001a04f2d9bc8]
Event: 2.910 Thread 0x000001a06985ffc0 3845       3       com.mysql.cj.protocol.a.NativeServerSessionStateController::setSessionStateChanges (84 bytes)
Event: 2.911 Thread 0x000001a06985ffc0 nmethod 3845 0x000001a04f2d9c90 code [0x000001a04f2d9ec0, 0x000001a04f2da8c8]
Event: 2.911 Thread 0x000001a06985ffc0 3846       3       com.mysql.cj.protocol.a.NativeProtocol::checkTransactionState (40 bytes)
Event: 2.911 Thread 0x000001a065442750 nmethod 3840 0x000001a04f2dab10 code [0x000001a04f2daf60, 0x000001a04f2dd7c8]
Event: 2.911 Thread 0x000001a065442750 3847       3       com.mysql.cj.protocol.a.NativeServerSession::getTransactionState (35 bytes)
Event: 2.911 Thread 0x000001a065442750 nmethod 3847 0x000001a04f2dec90 code [0x000001a04f2dee40, 0x000001a04f2df098]
Event: 2.911 Thread 0x000001a065442750 3843       1       sun.util.calendar.CalendarDate::setLeapYear (6 bytes)
Event: 2.911 Thread 0x000001a06985ffc0 nmethod 3846 0x000001a04f2df110 code [0x000001a04f2df300, 0x000001a04f2df718]
Event: 2.911 Thread 0x000001a065442750 nmethod 3843 0x000001a056824490 code [0x000001a056824620, 0x000001a0568246f8]

GC Heap History (6 events):
Event: 0.796 GC heap before
{Heap before GC invocations=0 (full 0):
 garbage-first heap   total 112640K, used 23552K [0x0000000092c00000, 0x0000000100000000)
  region size 1024K, 23 young (23552K), 0 survivors (0K)
 Metaspace       used 3979K, committed 4160K, reserved 1114112K
  class space    used 402K, committed 512K, reserved 1048576K
}
Event: 0.801 GC heap after
{Heap after GC invocations=1 (full 0):
 garbage-first heap   total 112640K, used 2733K [0x0000000092c00000, 0x0000000100000000)
  region size 1024K, 3 young (3072K), 3 survivors (3072K)
 Metaspace       used 3979K, committed 4160K, reserved 1114112K
  class space    used 402K, committed 512K, reserved 1048576K
}
Event: 1.512 GC heap before
{Heap before GC invocations=1 (full 0):
 garbage-first heap   total 112640K, used 37549K [0x0000000092c00000, 0x0000000100000000)
  region size 1024K, 38 young (38912K), 3 survivors (3072K)
 Metaspace       used 13849K, committed 14144K, reserved 1114112K
  class space    used 2062K, committed 2240K, reserved 1048576K
}
Event: 1.518 GC heap after
{Heap after GC invocations=2 (full 0):
 garbage-first heap   total 112640K, used 8107K [0x0000000092c00000, 0x0000000100000000)
  region size 1024K, 5 young (5120K), 5 survivors (5120K)
 Metaspace       used 13849K, committed 14144K, reserved 1114112K
  class space    used 2062K, committed 2240K, reserved 1048576K
}
Event: 2.087 GC heap before
{Heap before GC invocations=2 (full 0):
 garbage-first heap   total 112640K, used 24491K [0x0000000092c00000, 0x0000000100000000)
  region size 1024K, 21 young (21504K), 5 survivors (5120K)
 Metaspace       used 21218K, committed 21504K, reserved 1114112K
  class space    used 2896K, committed 3008K, reserved 1048576K
}
Event: 2.099 GC heap after
{Heap after GC invocations=3 (full 0):
 garbage-first heap   total 112640K, used 13507K [0x0000000092c00000, 0x0000000100000000)
  region size 1024K, 7 young (7168K), 7 survivors (7168K)
 Metaspace       used 21218K, committed 21504K, reserved 1114112K
  class space    used 2896K, committed 3008K, reserved 1048576K
}

Dll operation events (20 events):
Event: 0.523 Loaded shared library C:\Users\Zhefan Cheng\.openjfx\cache\20-ea\api-ms-win-crt-heap-l1-1-0.dll
Event: 0.528 Loaded shared library C:\Users\Zhefan Cheng\.openjfx\cache\20-ea\api-ms-win-crt-locale-l1-1-0.dll
Event: 0.534 Loaded shared library C:\Users\Zhefan Cheng\.openjfx\cache\20-ea\api-ms-win-crt-math-l1-1-0.dll
Event: 0.540 Loaded shared library C:\Users\Zhefan Cheng\.openjfx\cache\20-ea\api-ms-win-crt-multibyte-l1-1-0.dll
Event: 0.545 Loaded shared library C:\Users\Zhefan Cheng\.openjfx\cache\20-ea\api-ms-win-crt-private-l1-1-0.dll
Event: 0.551 Loaded shared library C:\Users\Zhefan Cheng\.openjfx\cache\20-ea\api-ms-win-crt-process-l1-1-0.dll
Event: 0.555 Loaded shared library C:\Users\Zhefan Cheng\.openjfx\cache\20-ea\api-ms-win-crt-runtime-l1-1-0.dll
Event: 0.560 Loaded shared library C:\Users\Zhefan Cheng\.openjfx\cache\20-ea\api-ms-win-crt-stdio-l1-1-0.dll
Event: 0.566 Loaded shared library C:\Users\Zhefan Cheng\.openjfx\cache\20-ea\api-ms-win-crt-string-l1-1-0.dll
Event: 0.571 Loaded shared library C:\Users\Zhefan Cheng\.openjfx\cache\20-ea\api-ms-win-crt-time-l1-1-0.dll
Event: 0.576 Loaded shared library C:\Users\Zhefan Cheng\.openjfx\cache\20-ea\api-ms-win-crt-utility-l1-1-0.dll
Event: 0.593 Loaded shared library C:\Users\Zhefan Cheng\.openjfx\cache\20-ea\ucrtbase.dll
Event: 0.600 Loaded shared library C:\Users\Zhefan Cheng\.openjfx\cache\20-ea\vcruntime140.dll
Event: 0.606 Loaded shared library C:\Users\Zhefan Cheng\.openjfx\cache\20-ea\vcruntime140_1.dll
Event: 0.616 Loaded shared library C:\Users\Zhefan Cheng\.openjfx\cache\20-ea\msvcp140.dll
Event: 0.660 Loaded shared library C:\Users\Zhefan Cheng\.openjfx\cache\20-ea\prism_d3d.dll
Event: 0.733 Loaded shared library C:\Users\Zhefan Cheng\.openjfx\cache\20-ea\glass.dll
Event: 0.850 Loaded shared library C:\Program Files\Java\jdk-19\bin\jimage.dll
Event: 1.108 Loaded shared library C:\Users\Zhefan Cheng\.openjfx\cache\20-ea\javafx_font.dll
Event: 2.020 Loaded shared library C:\Program Files\Java\jdk-19\bin\sunmscapi.dll

Deoptimization events (20 events):
Event: 2.740 Thread 0x000001a06a19e600 DEOPT PACKING pc=0x000001a05681b878 sp=0x00000084697fddd0
Event: 2.740 Thread 0x000001a06a19d610 Uncommon trap: trap_request=0xffffffbe fr.pc=0x000001a05681b878 relative=0x0000000000000538
Event: 2.740 Thread 0x000001a06a19d610 Uncommon trap: reason=profile_predicate action=maybe_recompile pc=0x000001a05681b878 method=com.sun.crypto.provider.HmacCore.engineInit(Ljava/security/Key;Ljava/security/spec/AlgorithmParameterSpec;)V @ 88 c2
Event: 2.740 Thread 0x000001a06a19d610 DEOPT PACKING pc=0x000001a05681b878 sp=0x00000084698fdcc0
Event: 2.740 Thread 0x000001a06a19e600 DEOPT UNPACKING pc=0x000001a055ff6da3 sp=0x00000084697fdd68 mode 2
Event: 2.740 Thread 0x000001a06a19d610 DEOPT UNPACKING pc=0x000001a055ff6da3 sp=0x00000084698fdc58 mode 2
Event: 2.740 Thread 0x000001a06a19e600 Uncommon trap: trap_request=0xffffffbe fr.pc=0x000001a05681b878 relative=0x0000000000000538
Event: 2.740 Thread 0x000001a06a19d610 Uncommon trap: trap_request=0xffffffbe fr.pc=0x000001a05681b878 relative=0x0000000000000538
Event: 2.740 Thread 0x000001a06a19e600 Uncommon trap: reason=profile_predicate action=maybe_recompile pc=0x000001a05681b878 method=com.sun.crypto.provider.HmacCore.engineInit(Ljava/security/Key;Ljava/security/spec/AlgorithmParameterSpec;)V @ 88 c2
Event: 2.740 Thread 0x000001a06a19d610 Uncommon trap: reason=profile_predicate action=maybe_recompile pc=0x000001a05681b878 method=com.sun.crypto.provider.HmacCore.engineInit(Ljava/security/Key;Ljava/security/spec/AlgorithmParameterSpec;)V @ 88 c2
Event: 2.740 Thread 0x000001a06a19e600 DEOPT PACKING pc=0x000001a05681b878 sp=0x00000084697fdd30
Event: 2.740 Thread 0x000001a06a19d610 DEOPT PACKING pc=0x000001a05681b878 sp=0x00000084698fdc20
Event: 2.740 Thread 0x000001a06a19e600 DEOPT UNPACKING pc=0x000001a055ff6da3 sp=0x00000084697fdcc8 mode 2
Event: 2.740 Thread 0x000001a06a19d610 DEOPT UNPACKING pc=0x000001a055ff6da3 sp=0x00000084698fdbb8 mode 2
Event: 2.773 Thread 0x000001a06a19e600 DEOPT PACKING pc=0x000001a04f15d03e sp=0x00000084697fdbc0
Event: 2.773 Thread 0x000001a06a19e600 DEOPT UNPACKING pc=0x000001a055ff7543 sp=0x00000084697fd018 mode 0
Event: 2.829 Thread 0x000001a06a19d610 DEOPT PACKING pc=0x000001a04f0245e6 sp=0x00000084698fd880
Event: 2.829 Thread 0x000001a06a19d610 DEOPT UNPACKING pc=0x000001a055ff7543 sp=0x00000084698fcd00 mode 0
Event: 2.884 Thread 0x000001a06a19d610 DEOPT PACKING pc=0x000001a04f0245e6 sp=0x00000084698fd830
Event: 2.884 Thread 0x000001a06a19d610 DEOPT UNPACKING pc=0x000001a055ff7543 sp=0x00000084698fccb0 mode 0

Classes loaded (20 events):
Event: 2.188 Loading class sun/invoke/util/VerifyAccess$1
Event: 2.188 Loading class sun/invoke/util/VerifyAccess$1 done
Event: 2.192 Loading class sun/security/ssl/PostHandshakeContext
Event: 2.192 Loading class sun/security/ssl/PostHandshakeContext done
Event: 2.192 Loading class sun/security/ssl/NewSessionTicket$T13NewSessionTicketMessage
Event: 2.192 Loading class sun/security/ssl/NewSessionTicket$NewSessionTicketMessage
Event: 2.192 Loading class sun/security/ssl/NewSessionTicket$NewSessionTicketMessage done
Event: 2.192 Loading class sun/security/ssl/NewSessionTicket$T13NewSessionTicketMessage done
Event: 2.256 Loading class java/util/TimerTask
Event: 2.256 Loading class java/util/TimerTask done
Event: 2.307 Loading class java/time/format/DateTimeParseException
Event: 2.307 Loading class java/time/DateTimeException
Event: 2.308 Loading class java/time/DateTimeException done
Event: 2.308 Loading class java/time/format/DateTimeParseException done
Event: 2.617 Loading class java/lang/foreign/MemorySegment
Event: 2.618 Loading class java/lang/foreign/Addressable
Event: 2.618 Loading class java/lang/foreign/Addressable done
Event: 2.618 Loading class java/lang/foreign/MemorySegment done
Event: 2.655 Loading class java/util/concurrent/locks/ReentrantReadWriteLock$Sync$HoldCounter
Event: 2.656 Loading class java/util/concurrent/locks/ReentrantReadWriteLock$Sync$HoldCounter done

Classes unloaded (0 events):
No events

Classes redefined (0 events):
No events

Internal exceptions (20 events):
Event: 1.454 Thread 0x000001a06a065b20 Exception <a 'java/lang/ClassNotFoundException'{0x0000000097881e40}: com/sun/javafx/scene/control/skin/resources/controls_zh_CN> (0x0000000097881e40) 
thrown [s\open\src\hotspot\share\prims\jni.cpp, line 536]
Event: 1.454 Thread 0x000001a06a065b20 Exception <a 'java/lang/ClassNotFoundException'{0x0000000097890068}: com/sun/javafx/scene/control/skin/resources/controls_zh_Hans> (0x0000000097890068) 
thrown [s\open\src\hotspot\share\prims\jni.cpp, line 536]
Event: 1.454 Thread 0x000001a06a065b20 Exception <a 'java/lang/ClassNotFoundException'{0x0000000097891018}: com/sun/javafx/scene/control/skin/resources/controls_zh_Hans_CN> (0x0000000097891018) 
thrown [s\open\src\hotspot\share\prims\jni.cpp, line 536]
Event: 1.474 Thread 0x000001a06a065b20 Exception <a 'java/lang/NoSuchMethodError'{0x000000009760caa0}: 'void java.lang.invoke.DirectMethodHandle$Holder.invokeSpecial(java.lang.Object, java.lang.Object, java.lang.Object, java.lang.Object, java.lang.Object, java.lang.Object)'> (0x000000009760caa0) 
thrown [s\open\src\hotspot\share\interpreter\linkResolver.cpp, line 774]
Event: 1.533 Thread 0x000001a06a065b20 Exception <a 'java/lang/NoSuchMethodError'{0x000000009999edc8}: 'int java.lang.invoke.DirectMethodHandle$Holder.invokeSpecial(java.lang.Object, java.lang.Object, int)'> (0x000000009999edc8) 
thrown [s\open\src\hotspot\share\interpreter\linkResolver.cpp, line 774]
Event: 1.543 Thread 0x000001a06a065b20 Exception <a 'java/lang/NoSuchMethodError'{0x00000000998572d8}: 'java.lang.Object java.lang.invoke.DirectMethodHandle$Holder.newInvokeSpecial(java.lang.Object, java.lang.Object, int)'> (0x00000000998572d8) 
thrown [s\open\src\hotspot\share\interpreter\linkResolver.cpp, line 774]
Event: 1.581 Thread 0x000001a069d4ab20 Exception <a 'java/lang/NoSuchMethodError'{0x000000009979f0d0}: 'int java.lang.invoke.DirectMethodHandle$Holder.invokeStaticInit(java.lang.Object, java.lang.Object)'> (0x000000009979f0d0) 
thrown [s\open\src\hotspot\share\interpreter\linkResolver.cpp, line 774]
Event: 1.600 Thread 0x000001a06a19e600 Exception <a 'sun/nio/fs/WindowsException'{0x0000000099743058}> (0x0000000099743058) 
thrown [s\open\src\hotspot\share\prims\jni.cpp, line 517]
Event: 1.629 Thread 0x000001a06a19e600 Exception <a 'sun/nio/fs/WindowsException'{0x000000009944ffe0}> (0x000000009944ffe0) 
thrown [s\open\src\hotspot\share\prims\jni.cpp, line 517]
Event: 1.630 Thread 0x000001a06a19e600 Exception <a 'sun/nio/fs/WindowsException'{0x0000000099451a40}> (0x0000000099451a40) 
thrown [s\open\src\hotspot\share\prims\jni.cpp, line 517]
Event: 1.643 Thread 0x000001a06a19e600 Exception <a 'sun/nio/fs/WindowsException'{0x0000000099385bb8}> (0x0000000099385bb8) 
thrown [s\open\src\hotspot\share\prims\jni.cpp, line 517]
Event: 1.644 Thread 0x000001a06a19e600 Exception <a 'sun/nio/fs/WindowsException'{0x0000000099387608}> (0x0000000099387608) 
thrown [s\open\src\hotspot\share\prims\jni.cpp, line 517]
Event: 1.645 Thread 0x000001a06a19e600 Exception <a 'sun/nio/fs/WindowsException'{0x0000000099389060}> (0x0000000099389060) 
thrown [s\open\src\hotspot\share\prims\jni.cpp, line 517]
Event: 1.646 Thread 0x000001a06a19e600 Exception <a 'sun/nio/fs/WindowsException'{0x000000009938ad28}> (0x000000009938ad28) 
thrown [s\open\src\hotspot\share\prims\jni.cpp, line 517]
Event: 1.733 Thread 0x000001a06a19d610 Exception <a 'sun/nio/fs/WindowsException'{0x0000000098f2b828}> (0x0000000098f2b828) 
thrown [s\open\src\hotspot\share\prims\jni.cpp, line 517]
Event: 1.840 Thread 0x000001a06a19e600 Exception <a 'sun/nio/fs/WindowsException'{0x0000000098dc9908}> (0x0000000098dc9908) 
thrown [s\open\src\hotspot\share\prims\jni.cpp, line 517]
Event: 1.887 Thread 0x000001a06a19d610 Exception <a 'sun/nio/fs/WindowsException'{0x0000000098cd52f0}> (0x0000000098cd52f0) 
thrown [s\open\src\hotspot\share\prims\jni.cpp, line 517]
Event: 1.894 Thread 0x000001a06a19d610 Exception <a 'sun/nio/fs/WindowsException'{0x0000000098cea110}> (0x0000000098cea110) 
thrown [s\open\src\hotspot\share\prims\jni.cpp, line 517]
Event: 1.931 Thread 0x000001a06a19e600 Exception <a 'java/lang/NoSuchMethodError'{0x0000000098c800c8}: 'java.lang.Object java.lang.invoke.DirectMethodHandle$Holder.invokeStaticInit(java.lang.Object, int, int, int, int)'> (0x0000000098c800c8) 
thrown [s\open\src\hotspot\share\interpreter\linkResolver.cpp, line 774]
Event: 1.986 Thread 0x000001a06a19e600 Exception <a 'java/lang/NoSuchMethodError'{0x0000000098ba9a48}: 'java.lang.Object java.lang.invoke.DirectMethodHandle$Holder.invokeStaticInit(java.lang.Object, java.lang.Object, int, int, int, int)'> (0x0000000098ba9a48) 
thrown [s\open\src\hotspot\share\interpreter\linkResolver.cpp, line 774]

VM Operations (20 events):
Event: 1.648 Executing VM operation: HandshakeAllThreads
Event: 1.648 Executing VM operation: HandshakeAllThreads done
Event: 1.822 Executing VM operation: HandshakeAllThreads
Event: 1.822 Executing VM operation: HandshakeAllThreads done
Event: 1.894 Executing VM operation: HandshakeAllThreads
Event: 1.894 Executing VM operation: HandshakeAllThreads done
Event: 1.917 Executing VM operation: HandshakeAllThreads
Event: 1.917 Executing VM operation: HandshakeAllThreads done
Event: 2.087 Executing VM operation: CollectForMetadataAllocation
Event: 2.099 Executing VM operation: CollectForMetadataAllocation done
Event: 2.105 Executing VM operation: G1PauseRemark
Event: 2.106 Executing VM operation: G1PauseRemark done
Event: 2.106 Executing VM operation: G1PauseCleanup
Event: 2.110 Executing VM operation: G1PauseCleanup done
Event: 2.157 Executing VM operation: HandshakeAllThreads
Event: 2.157 Executing VM operation: HandshakeAllThreads done
Event: 2.482 Executing VM operation: ICBufferFull
Event: 2.482 Executing VM operation: ICBufferFull done
Event: 2.770 Executing VM operation: ICBufferFull
Event: 2.771 Executing VM operation: ICBufferFull done

Events (20 events):
Event: 0.050 Thread 0x000001a0654343d0 Thread added: 0x000001a0654343d0
Event: 0.050 Thread 0x000001a0654354a0 Thread added: 0x000001a0654354a0
Event: 0.050 Thread 0x000001a065439a70 Thread added: 0x000001a065439a70
Event: 0.050 Thread 0x000001a06543ce80 Thread added: 0x000001a06543ce80
Event: 0.050 Thread 0x000001a065442750 Thread added: 0x000001a065442750
Event: 0.050 Thread 0x000001a065453880 Thread added: 0x000001a065453880
Event: 0.054 Thread 0x000001a06985ffc0 Thread added: 0x000001a06985ffc0
Event: 0.083 Thread 0x000001a0653f6d10 Thread added: 0x000001a0653f6d10
Event: 0.258 Thread 0x000001a0699b6bf0 Thread added: 0x000001a0699b6bf0
Event: 0.258 Thread 0x000001a069c98a20 Thread added: 0x000001a069c98a20
Event: 0.645 Thread 0x000001a069d4ab20 Thread added: 0x000001a069d4ab20
Event: 0.735 Thread 0x000001a06a0646a0 Thread added: 0x000001a06a0646a0
Event: 0.738 Thread 0x000001a06a065b20 Thread added: 0x000001a06a065b20
Event: 0.837 Thread 0x000001a06a270000 Thread added: 0x000001a06a270000
Event: 0.853 Thread 0x000001a06a279100 Thread added: 0x000001a06a279100
Event: 1.411 Thread 0x000001a06a19cb70 Thread added: 0x000001a06a19cb70
Event: 1.567 Thread 0x000001a06a19e600 Thread added: 0x000001a06a19e600
Event: 1.567 Thread 0x000001a06a19d610 Thread added: 0x000001a06a19d610
Event: 1.596 Thread 0x000001a06a19e0b0 Thread added: 0x000001a06a19e0b0
Event: 1.609 Thread 0x000001a06a19eb50 Thread added: 0x000001a06a19eb50


Dynamic libraries:
0x00007ff6bf020000 - 0x00007ff6bf030000 	C:\Program Files\Java\jdk-19\bin\java.exe
0x00007ff96e800000 - 0x00007ff96ea09000 	C:\WINDOWS\SYSTEM32\ntdll.dll
0x00007ff96ceb0000 - 0x00007ff96cf6d000 	C:\WINDOWS\System32\KERNEL32.DLL
0x00007ff96c020000 - 0x00007ff96c39b000 	C:\WINDOWS\System32\KERNELBASE.dll
0x00007ff96bcd0000 - 0x00007ff96bde1000 	C:\WINDOWS\System32\ucrtbase.dll
0x00007ff95d0a0000 - 0x00007ff95d0b8000 	C:\Program Files\Java\jdk-19\bin\jli.dll
0x00007ff95c940000 - 0x00007ff95c95b000 	C:\Program Files\Java\jdk-19\bin\VCRUNTIME140.dll
0x00007ff96e2f0000 - 0x00007ff96e39e000 	C:\WINDOWS\System32\ADVAPI32.dll
0x00007ff96c6c0000 - 0x00007ff96c763000 	C:\WINDOWS\System32\msvcrt.dll
0x00007ff96c7e0000 - 0x00007ff96c87e000 	C:\WINDOWS\System32\sechost.dll
0x00007ff96c940000 - 0x00007ff96ca60000 	C:\WINDOWS\System32\RPCRT4.dll
0x00007ff96e0f0000 - 0x00007ff96e29d000 	C:\WINDOWS\System32\USER32.dll
0x00007ff96c650000 - 0x00007ff96c676000 	C:\WINDOWS\System32\win32u.dll
0x00007ff96e3a0000 - 0x00007ff96e3c9000 	C:\WINDOWS\System32\GDI32.dll
0x00007ff96c3a0000 - 0x00007ff96c4b8000 	C:\WINDOWS\System32\gdi32full.dll
0x00007ff959e90000 - 0x00007ff95a135000 	C:\WINDOWS\WinSxS\amd64_microsoft.windows.common-controls_6595b64144ccf1df_6.0.22000.120_none_9d947278b86cc467\COMCTL32.dll
0x00007ff96c5b0000 - 0x00007ff96c64d000 	C:\WINDOWS\System32\msvcp_win.dll
0x00007ff963af0000 - 0x00007ff963afa000 	C:\WINDOWS\SYSTEM32\VERSION.dll
0x00007ff96e2b0000 - 0x00007ff96e2e1000 	C:\WINDOWS\System32\IMM32.DLL
0x00007ff95f330000 - 0x00007ff95f33c000 	C:\Program Files\Java\jdk-19\bin\vcruntime140_1.dll
0x00007ff931e70000 - 0x00007ff931efe000 	C:\Program Files\Java\jdk-19\bin\msvcp140.dll
0x00007ff8d14f0000 - 0x00007ff8d21b0000 	C:\Program Files\Java\jdk-19\bin\server\jvm.dll
0x00007ff938d40000 - 0x00007ff938d49000 	C:\WINDOWS\SYSTEM32\WSOCK32.dll
0x00007ff964b90000 - 0x00007ff964bc3000 	C:\WINDOWS\SYSTEM32\WINMM.dll
0x00007ff96cc30000 - 0x00007ff96cc9f000 	C:\WINDOWS\System32\WS2_32.dll
0x00007ff96ad50000 - 0x00007ff96ad68000 	C:\WINDOWS\SYSTEM32\kernel.appcore.dll
0x00007ff95eb70000 - 0x00007ff95eb7a000 	C:\Program Files\Java\jdk-19\bin\jimage.dll
0x00007ff969a00000 - 0x00007ff969c21000 	C:\WINDOWS\SYSTEM32\DBGHELP.DLL
0x00007ff94f180000 - 0x00007ff94f1b1000 	C:\WINDOWS\SYSTEM32\dbgcore.DLL
0x00007ff96c530000 - 0x00007ff96c5af000 	C:\WINDOWS\System32\bcryptPrimitives.dll
0x00007ff95f3c0000 - 0x00007ff95f3ce000 	C:\Program Files\Java\jdk-19\bin\instrument.dll
0x00007ff95c350000 - 0x00007ff95c376000 	C:\Program Files\Java\jdk-19\bin\java.dll
0x00007ff931b00000 - 0x00007ff931bd7000 	C:\Program Files\Java\jdk-19\bin\jsvml.dll
0x00007ff96d530000 - 0x00007ff96dce8000 	C:\WINDOWS\System32\SHELL32.dll
0x00007ff969dc0000 - 0x00007ff96a625000 	C:\WINDOWS\SYSTEM32\windows.storage.dll
0x00007ff96dcf0000 - 0x00007ff96e067000 	C:\WINDOWS\System32\combase.dll
0x00007ff969c50000 - 0x00007ff969db6000 	C:\WINDOWS\SYSTEM32\wintypes.dll
0x00007ff96d440000 - 0x00007ff96d52a000 	C:\WINDOWS\System32\SHCORE.dll
0x00007ff96cbb0000 - 0x00007ff96cc0d000 	C:\WINDOWS\System32\shlwapi.dll
0x00007ff96bc00000 - 0x00007ff96bc21000 	C:\WINDOWS\SYSTEM32\profapi.dll
0x00007ff95b990000 - 0x00007ff95b9a3000 	C:\Program Files\Java\jdk-19\bin\net.dll
0x00007ff964570000 - 0x00007ff96467c000 	C:\WINDOWS\SYSTEM32\WINHTTP.dll
0x00007ff96b1f0000 - 0x00007ff96b257000 	C:\WINDOWS\system32\mswsock.dll
0x00007ff95b830000 - 0x00007ff95b846000 	C:\Program Files\Java\jdk-19\bin\nio.dll
0x00007ff95b810000 - 0x00007ff95b828000 	C:\Program Files\Java\jdk-19\bin\zip.dll
0x00007ff95df60000 - 0x00007ff95df7a000 	C:\Program Files\JetBrains\IntelliJ IDEA 2022.1\bin\breakgen64.dll
0x000001a046ba0000 - 0x000001a046ba3000 	C:\Users\Zhefan Cheng\.openjfx\cache\20-ea\api-ms-win-core-console-l1-1-0.dll
0x000001a0654f0000 - 0x000001a0654f3000 	C:\Users\Zhefan Cheng\.openjfx\cache\20-ea\api-ms-win-core-console-l1-2-0.dll
0x000001a065500000 - 0x000001a065503000 	C:\Users\Zhefan Cheng\.openjfx\cache\20-ea\api-ms-win-core-datetime-l1-1-0.dll
0x000001a065510000 - 0x000001a065513000 	C:\Users\Zhefan Cheng\.openjfx\cache\20-ea\api-ms-win-core-debug-l1-1-0.dll
0x000001a065520000 - 0x000001a065523000 	C:\Users\Zhefan Cheng\.openjfx\cache\20-ea\api-ms-win-core-errorhandling-l1-1-0.dll
0x000001a065530000 - 0x000001a065534000 	C:\Users\Zhefan Cheng\.openjfx\cache\20-ea\api-ms-win-core-file-l1-1-0.dll
0x000001a065540000 - 0x000001a065543000 	C:\Users\Zhefan Cheng\.openjfx\cache\20-ea\api-ms-win-core-file-l1-2-0.dll
0x000001a065550000 - 0x000001a065553000 	C:\Users\Zhefan Cheng\.openjfx\cache\20-ea\api-ms-win-core-file-l2-1-0.dll
0x000001a065560000 - 0x000001a065563000 	C:\Users\Zhefan Cheng\.openjfx\cache\20-ea\api-ms-win-core-handle-l1-1-0.dll
0x000001a065570000 - 0x000001a065573000 	C:\Users\Zhefan Cheng\.openjfx\cache\20-ea\api-ms-win-core-heap-l1-1-0.dll
0x000001a065580000 - 0x000001a065583000 	C:\Users\Zhefan Cheng\.openjfx\cache\20-ea\api-ms-win-core-interlocked-l1-1-0.dll
0x000001a065590000 - 0x000001a065593000 	C:\Users\Zhefan Cheng\.openjfx\cache\20-ea\api-ms-win-core-libraryloader-l1-1-0.dll
0x000001a0655a0000 - 0x000001a0655a3000 	C:\Users\Zhefan Cheng\.openjfx\cache\20-ea\api-ms-win-core-localization-l1-2-0.dll
0x000001a0655b0000 - 0x000001a0655b3000 	C:\Users\Zhefan Cheng\.openjfx\cache\20-ea\api-ms-win-core-memory-l1-1-0.dll
0x000001a0655c0000 - 0x000001a0655c3000 	C:\Users\Zhefan Cheng\.openjfx\cache\20-ea\api-ms-win-core-namedpipe-l1-1-0.dll
0x000001a0655d0000 - 0x000001a0655d3000 	C:\Users\Zhefan Cheng\.openjfx\cache\20-ea\api-ms-win-core-processenvironment-l1-1-0.dll
0x000001a0655e0000 - 0x000001a0655e3000 	C:\Users\Zhefan Cheng\.openjfx\cache\20-ea\api-ms-win-core-processthreads-l1-1-0.dll
0x000001a0655f0000 - 0x000001a0655f3000 	C:\Users\Zhefan Cheng\.openjfx\cache\20-ea\api-ms-win-core-processthreads-l1-1-1.dll
0x000001a065600000 - 0x000001a065603000 	C:\Users\Zhefan Cheng\.openjfx\cache\20-ea\api-ms-win-core-profile-l1-1-0.dll
0x000001a065610000 - 0x000001a065613000 	C:\Users\Zhefan Cheng\.openjfx\cache\20-ea\api-ms-win-core-rtlsupport-l1-1-0.dll
0x000001a065620000 - 0x000001a065623000 	C:\Users\Zhefan Cheng\.openjfx\cache\20-ea\api-ms-win-core-string-l1-1-0.dll
0x000001a065630000 - 0x000001a065633000 	C:\Users\Zhefan Cheng\.openjfx\cache\20-ea\api-ms-win-core-synch-l1-1-0.dll
0x000001a065640000 - 0x000001a065643000 	C:\Users\Zhefan Cheng\.openjfx\cache\20-ea\api-ms-win-core-synch-l1-2-0.dll
0x000001a065650000 - 0x000001a065653000 	C:\Users\Zhefan Cheng\.openjfx\cache\20-ea\api-ms-win-core-sysinfo-l1-1-0.dll
0x000001a065660000 - 0x000001a065663000 	C:\Users\Zhefan Cheng\.openjfx\cache\20-ea\api-ms-win-core-timezone-l1-1-0.dll
0x000001a065670000 - 0x000001a065673000 	C:\Users\Zhefan Cheng\.openjfx\cache\20-ea\api-ms-win-core-util-l1-1-0.dll
0x000001a065680000 - 0x000001a065683000 	C:\Users\Zhefan Cheng\.openjfx\cache\20-ea\api-ms-win-crt-conio-l1-1-0.dll
0x000001a065690000 - 0x000001a065694000 	C:\Users\Zhefan Cheng\.openjfx\cache\20-ea\api-ms-win-crt-convert-l1-1-0.dll
0x000001a0656a0000 - 0x000001a0656a3000 	C:\Users\Zhefan Cheng\.openjfx\cache\20-ea\api-ms-win-crt-environment-l1-1-0.dll
0x000001a0656b0000 - 0x000001a0656b3000 	C:\Users\Zhefan Cheng\.openjfx\cache\20-ea\api-ms-win-crt-filesystem-l1-1-0.dll
0x000001a0656c0000 - 0x000001a0656c3000 	C:\Users\Zhefan Cheng\.openjfx\cache\20-ea\api-ms-win-crt-heap-l1-1-0.dll
0x000001a0656d0000 - 0x000001a0656d3000 	C:\Users\Zhefan Cheng\.openjfx\cache\20-ea\api-ms-win-crt-locale-l1-1-0.dll
0x000001a0656e0000 - 0x000001a0656e5000 	C:\Users\Zhefan Cheng\.openjfx\cache\20-ea\api-ms-win-crt-math-l1-1-0.dll
0x000001a0656f0000 - 0x000001a0656f5000 	C:\Users\Zhefan Cheng\.openjfx\cache\20-ea\api-ms-win-crt-multibyte-l1-1-0.dll
0x000001a065700000 - 0x000001a065710000 	C:\Users\Zhefan Cheng\.openjfx\cache\20-ea\api-ms-win-crt-private-l1-1-0.dll
0x000001a065710000 - 0x000001a065713000 	C:\Users\Zhefan Cheng\.openjfx\cache\20-ea\api-ms-win-crt-process-l1-1-0.dll
0x000001a065720000 - 0x000001a065724000 	C:\Users\Zhefan Cheng\.openjfx\cache\20-ea\api-ms-win-crt-runtime-l1-1-0.dll
0x000001a065730000 - 0x000001a065734000 	C:\Users\Zhefan Cheng\.openjfx\cache\20-ea\api-ms-win-crt-stdio-l1-1-0.dll
0x000001a065740000 - 0x000001a065744000 	C:\Users\Zhefan Cheng\.openjfx\cache\20-ea\api-ms-win-crt-string-l1-1-0.dll
0x000001a065750000 - 0x000001a065753000 	C:\Users\Zhefan Cheng\.openjfx\cache\20-ea\api-ms-win-crt-time-l1-1-0.dll
0x000001a065760000 - 0x000001a065763000 	C:\Users\Zhefan Cheng\.openjfx\cache\20-ea\api-ms-win-crt-utility-l1-1-0.dll
0x00007ff92f130000 - 0x00007ff92f22c000 	C:\Users\Zhefan Cheng\.openjfx\cache\20-ea\ucrtbase.dll
0x00007ff95c2b0000 - 0x00007ff95c2ca000 	C:\Users\Zhefan Cheng\.openjfx\cache\20-ea\vcruntime140.dll
0x00007ff95d6e0000 - 0x00007ff95d6ec000 	C:\Users\Zhefan Cheng\.openjfx\cache\20-ea\vcruntime140_1.dll
0x00007ff931c00000 - 0x00007ff931c8d000 	C:\Users\Zhefan Cheng\.openjfx\cache\20-ea\msvcp140.dll
0x00007ff95c280000 - 0x00007ff95c2aa000 	C:\Users\Zhefan Cheng\.openjfx\cache\20-ea\prism_d3d.dll
0x00007ff9115c0000 - 0x00007ff911766000 	C:\WINDOWS\system32\d3d9.dll
0x00007ff969440000 - 0x00007ff96946f000 	C:\WINDOWS\SYSTEM32\dwmapi.dll
0x00007ff969150000 - 0x00007ff969188000 	C:\WINDOWS\SYSTEM32\dxcore.dll
0x00007ff969040000 - 0x00007ff9690ec000 	C:\WINDOWS\system32\uxtheme.dll
0x00007ff962670000 - 0x00007ff962828000 	C:\WINDOWS\System32\DriverStore\FileRepository\u0373941.inf_amd64_2439242096495b32\B373885\aticfx64.dll
0x00007ff95b690000 - 0x00007ff95b6c4000 	C:\WINDOWS\System32\DriverStore\FileRepository\u0373941.inf_amd64_2439242096495b32\B373885\atiu9p64.dll
0x00007ff8cf600000 - 0x00007ff8d0354000 	C:\WINDOWS\System32\DriverStore\FileRepository\u0373941.inf_amd64_2439242096495b32\B373885\atiumd64.dll
0x00007ff96e3d0000 - 0x00007ff96e56a000 	C:\WINDOWS\System32\ole32.dll
0x0000000059a10000 - 0x000000005a883000 	C:\WINDOWS\System32\DriverStore\FileRepository\u0373941.inf_amd64_2439242096495b32\B373885\atiumd6a.dll
0x00007ff96cf70000 - 0x00007ff96d3dc000 	C:\WINDOWS\System32\SETUPAPI.dll
0x00007ff96ba00000 - 0x00007ff96ba4d000 	C:\WINDOWS\SYSTEM32\POWRPROF.dll
0x00007ff96b9e0000 - 0x00007ff96b9f3000 	C:\WINDOWS\SYSTEM32\UMPDC.dll
0x00007ff960350000 - 0x00007ff960380000 	C:\WINDOWS\SYSTEM32\amdihk64.dll
0x00007ff966780000 - 0x00007ff9667c4000 	C:\WINDOWS\SYSTEM32\directxdatabasehelper.dll
0x00007ff96ad70000 - 0x00007ff96ada4000 	C:\WINDOWS\SYSTEM32\ntmarta.dll
0x00007ff958870000 - 0x00007ff9588b2000 	C:\Users\Zhefan Cheng\.openjfx\cache\20-ea\glass.dll
0x00007ff96cac0000 - 0x00007ff96cbac000 	C:\WINDOWS\System32\COMDLG32.dll
0x00007ff96cca0000 - 0x00007ff96cd76000 	C:\WINDOWS\System32\OLEAUT32.dll
0x00007ff96cd80000 - 0x00007ff96ce9d000 	C:\WINDOWS\System32\MSCTF.dll
0x00007ff95b790000 - 0x00007ff95b7a4000 	C:\Users\Zhefan Cheng\.openjfx\cache\20-ea\javafx_font.dll
0x00007ff943a60000 - 0x00007ff943cbf000 	C:\WINDOWS\SYSTEM32\dwrite.dll
0x00007ff96c880000 - 0x00007ff96c935000 	C:\WINDOWS\System32\clbcatq.dll
0x00007ff9643c0000 - 0x00007ff96456e000 	C:\WINDOWS\SYSTEM32\WindowsCodecs.dll
0x00007ff9526c0000 - 0x00007ff95271d000 	C:\WINDOWS\system32\dataexchange.dll
0x00007ff962360000 - 0x00007ff9625c6000 	C:\WINDOWS\system32\twinapi.appcore.dll
0x00007ff9587b0000 - 0x00007ff9587e2000 	C:\Program Files\Common Files\Microsoft Shared\Ink\rtscom.dll
0x00007ff95d350000 - 0x00007ff95d47d000 	C:\WINDOWS\SYSTEM32\textinputframework.dll
0x00007ff9689f0000 - 0x00007ff968b21000 	C:\WINDOWS\SYSTEM32\CoreMessaging.dll
0x00007ff965ec0000 - 0x00007ff96622d000 	C:\WINDOWS\SYSTEM32\CoreUIComponents.dll
0x00007ff96b740000 - 0x00007ff96b74c000 	C:\WINDOWS\SYSTEM32\CRYPTBASE.DLL
0x00007ff96a8b0000 - 0x00007ff96a998000 	C:\WINDOWS\SYSTEM32\DNSAPI.dll
0x00007ff96a880000 - 0x00007ff96a8ad000 	C:\WINDOWS\SYSTEM32\IPHLPAPI.DLL
0x00007ff96e2a0000 - 0x00007ff96e2a9000 	C:\WINDOWS\System32\NSI.dll
0x00007ff95b140000 - 0x00007ff95b14a000 	C:\Windows\System32\rasadhlp.dll
0x00007ff963590000 - 0x00007ff963611000 	C:\WINDOWS\System32\fwpuclnt.dll
0x00007ff96b430000 - 0x00007ff96b448000 	C:\WINDOWS\SYSTEM32\CRYPTSP.dll

dbghelp: loaded successfully - version: 4.0.5 - missing functions: none
symbol engine: initialized successfully - sym options: 0x614 - pdb path: .;C:\Program Files\Java\jdk-19\bin;C:\WINDOWS\SYSTEM32;C:\WINDOWS\WinSxS\amd64_microsoft.windows.common-controls_6595b64144ccf1df_6.0.22000.120_none_9d947278b86cc467;C:\Program Files\Java\jdk-19\bin\server;C:\Program Files\JetBrains\IntelliJ IDEA 2022.1\bin;C:\Users\Zhefan Cheng\.openjfx\cache\20-ea;C:\WINDOWS\System32\DriverStore\FileRepository\u0373941.inf_amd64_2439242096495b32\B373885;C:\Program Files\Common Files\Microsoft Shared\Ink

VM Arguments:
jvm_args: -javaagent:C:\Program Files\JetBrains\IntelliJ IDEA 2022.1\lib\idea_rt.jar=55940:C:\Program Files\JetBrains\IntelliJ IDEA 2022.1\bin -Dfile.encoding=UTF-8 --module-path=C:\Users\Zhefan Cheng\.m2\repository\org\openjfx\javafx-graphics\17.0.1\javafx-graphics-17.0.1-win.jar;C:\Users\Zhefan Cheng\.m2\repository\org\openjfx\javafx-media\17.0.1\javafx-media-17.0.1-win.jar;C:\Users\Zhefan Cheng\.m2\repository\com\dlsc\formsfx\formsfx-core\11.3.2\formsfx-core-11.3.2.jar;C:\Users\Zhefan Cheng\.m2\repository\com\github\almasb\fxgl-entity\17\fxgl-entity-17.jar;C:\Users\Zhefan Cheng\.m2\repository\com\gluonhq\attach\util\4.0.9\util-4.0.9.jar;C:\Users\Zhefan Cheng\.m2\repository\org\kordamp\ikonli\ikonli-javafx\12.3.0\ikonli-javafx-12.3.0.jar;C:\Users\Zhefan Cheng\.m2\repository\com\github\almasb\fxgl-gameplay\17\fxgl-gameplay-17.jar;C:\Users\Zhefan Cheng\.m2\repository\org\openjfx\javafx-web\17.0.1\javafx-web-17.0.1-win.jar;C:\Users\Zhefan Cheng\.m2\repository\net\synedra\validatorfx\0.2.1\validatorfx-0.2.1.jar;C:\Users\Zhefan Cheng\.m2\repository\eu\hansolo\tilesfx\11.48\tilesfx-11.48.jar;C:\Users\Zhefan Cheng\.m2\repository\com\github\almasb\fxgl-scene\17\fxgl-scene-17.jar;C:\Users\Zhefan Cheng\.m2\repository\org\openjfx\javafx-base\20-ea+2\javafx-base-20-ea+2-win.jar;C:\Users\Zhefan Cheng\.m2\repository\org\openjfx\javafx-base\17.0.1\javafx-base-17.0.1-win.jar;C:\Users\Zhefan Cheng\.m2\repository\com\gluonhq\attach\lifecycle\4.0.9\lifecycle-4.0.9.jar;C:\Users\Zhefan Cheng\.m2\repository\org\kordamp\ikonli\ikonli-core\12.3.0\ikonli-core-12.3.0.jar;C:\Users\Zhefan Cheng\.m2\repository\org\jetbrains\kotlin\kotlin-stdlib\1.5.32\kotlin-stdlib-1.5.32-modular.jar;C:\Users\Zhefan Cheng\.m2\repository\com\github\almasb\fxgl\17\fxgl-17.jar;C:\Users\Zhefan Cheng\.m2\repository\org\openjfx\javafx-controls\17.0.1\javafx-controls-17.0.1-win.jar;C:\Users\Zhefan Cheng\.m2\repository\com\github\almasb\fxgl-core\17\fxgl-core-17.jar;C:\Users\Zhefan Cheng\.m2\repository\org\openjfx\javafx-fxml\17.0.1\javafx-fxml-17.0.1-win.jar;C:\Users\Zhefan Cheng\OneDrive\×ÀÃæ\Garrus\database\project\databaseProject\databaseProject\target\classes;C:\Users\Zhef-Djdk.module.main=com.example.demo 
java_command: com.example.demo/com.example.demo.ilovepizzaApplication
java_class_path (initial): C:\Users\Zhefan Cheng\.m2\repository\mysql\mysql-connector-java\8.0.30\mysql-connector-java-8.0.30.jar;C:\Users\Zhefan Cheng\.m2\repository\com\google\protobuf\protobuf-java\3.19.4\protobuf-java-3.19.4.jar;C:\Users\Zhefan Cheng\.m2\repository\org\openjfx\javafx-base\20-ea+2\javafx-base-20-ea+2.jar;C:\Users\Zhefan Cheng\.m2\repository\org\openjfx\javafx-controls\17.0.1\javafx-controls-17.0.1.jar;C:\Users\Zhefan Cheng\.m2\repository\org\openjfx\javafx-graphics\17.0.1\javafx-graphics-17.0.1.jar;C:\Users\Zhefan Cheng\.m2\repository\org\openjfx\javafx-base\17.0.1\javafx-base-17.0.1.jar;C:\Users\Zhefan Cheng\.m2\repository\org\openjfx\javafx-fxml\17.0.1\javafx-fxml-17.0.1.jar;C:\Users\Zhefan Cheng\.m2\repository\org\openjfx\javafx-web\17.0.1\javafx-web-17.0.1.jar;C:\Users\Zhefan Cheng\.m2\repository\org\openjfx\javafx-media\17.0.1\javafx-media-17.0.1.jar;C:\Users\Zhefan Cheng\.m2\repository\org\jetbrains\annotations\13.0\annotations-13.0.jar;C:\Users\Zhefan Cheng\.m2\repository\org\jetbrains\kotlin\kotlin-stdlib-common\1.5.32\kotlin-stdlib-common-1.5.32.jar
Launcher Type: SUN_STANDARD

[Global flags]
     intx CICompilerCount                          = 12                                        {product} {ergonomic}
     uint ConcGCThreads                            = 3                                         {product} {ergonomic}
     uint G1ConcRefinementThreads                  = 13                                        {product} {ergonomic}
   size_t G1HeapRegionSize                         = 1048576                                   {product} {ergonomic}
    uintx GCDrainStackTargetSize                   = 64                                        {product} {ergonomic}
   size_t InitialHeapSize                          = 115343360                                 {product} {ergonomic}
   size_t MarkStackSize                            = 4194304                                   {product} {ergonomic}
   size_t MaxHeapSize                              = 1832910848                                {product} {ergonomic}
   size_t MaxNewSize                               = 1098907648                                {product} {ergonomic}
   size_t MinHeapDeltaBytes                        = 1048576                                   {product} {ergonomic}
   size_t MinHeapSize                              = 8388608                                   {product} {ergonomic}
    uintx NonNMethodCodeHeapSize                   = 7602480                                {pd product} {ergonomic}
    uintx NonProfiledCodeHeapSize                  = 122027880                              {pd product} {ergonomic}
    uintx ProfiledCodeHeapSize                     = 122027880                              {pd product} {ergonomic}
    uintx ReservedCodeCacheSize                    = 251658240                              {pd product} {ergonomic}
     bool SegmentedCodeCache                       = true                                      {product} {ergonomic}
   size_t SoftMaxHeapSize                          = 1832910848                             {manageable} {ergonomic}
     bool UseCompressedClassPointers               = true                           {product lp64_product} {ergonomic}
     bool UseCompressedOops                        = true                           {product lp64_product} {ergonomic}
     bool UseG1GC                                  = true                                      {product} {ergonomic}
     bool UseLargePagesIndividualAllocation        = false                                  {pd product} {ergonomic}

Logging:
Log output configuration:
 #0: stdout all=warning uptime,level,tags foldmultilines=false
 #1: stderr all=off uptime,level,tags foldmultilines=false

Environment Variables:
PATH=C:\Program Files\Common Files\Oracle\Java\javapath;C:\Program Files\MySQL\MySQL Server 8.0\bin;C:\Program Files\Microsoft SQL Server\Client SDK\ODBC\170\Tools\Binn\;C:\Program Files (x86)\Microsoft SQL Server\150\Tools\Binn\;C:\Program Files\Microsoft SQL Server\150\Tools\Binn\;C:\Program Files\Microsoft SQL Server\150\DTS\Binn\;C:\Program Files (x86)\Microsoft SQL Server\150\DTS\Binn\;C:\Program Files\Azure Data Studio\bin;C:\Program Files\Java\jdk-17.0.1\bin;C:\Users\Zhefan Cheng\AppData\Local\Programs\Python\Python310\Scripts\;C:\Users\Zhefan Cheng\AppData\Local\Programs\Python\Python310\;C:\Users\Zhefan Cheng\AppData\Local\Microsoft\WindowsApps;C:\Users\Zhefan Cheng\AppData\Local\Programs\Microsoft VS Code\bin;C:\Program Files\Bandizip\;C:\Program Files\JetBrains\PyCharm 2021.3\bin;;C:\Program Files\JetBrains\PyCharm Community Edition 2021.3\bin;;C:\Users\Zhefan Cheng\AppData\Local\GitHubDesktop\bin;C:\Program Files\MySQL\MySQL Shell 8.0\bin;;C:\Program Files\Azure Data Studio\bin
USERNAME=Zhefan Cheng
OS=Windows_NT
PROCESSOR_IDENTIFIER=AMD64 Family 25 Model 80 Stepping 0, AuthenticAMD
TMP=C:\Users\ZHEFAN~1\AppData\Local\Temp
TEMP=C:\Users\ZHEFAN~1\AppData\Local\Temp



---------------  S Y S T E M  ---------------

OS:
 Windows 11 , 64 bit Build 22000 (10.0.22000.708)
OS uptime: 4 days 19:15 hours

CPU: total 16 (initial active 16) (16 cores per cpu, 2 threads per core) family 25 model 80 stepping 0 microcode 0x0, cx8, cmov, fxsr, ht, mmx, 3dnowpref, sse, sse2, sse3, ssse3, sse4a, sse4.1, sse4.2, popcnt, lzcnt, tsc, tscinvbit, avx, avx2, aes, erms, clmul, bmi1, bmi2, adx, sha, fma, vzeroupper, clflush, clflushopt, rdtscp, rdpid, fsrm

Memory: 4k page, system-wide physical 6990M (169M free)
TotalPageFile size 16990M (AvailPageFile size 2M)
current process WorkingSet (physical memory assigned to process): 163M, peak: 163M
current process commit charge ("private bytes"): 240M, peak: 280M

vm_info: Java HotSpot(TM) 64-Bit Server VM (19+36-2238) for windows-amd64 JRE (19+36-2238), built on 2022-08-12T20:29:01Z by "mach5one" with MS VC++ 17.1 (VS2022)

END.
